[17:33:13] [main/INFO] [com.velocitypowered.proxy.VelocityServer]: Booting up Velocity 3.4.0-SNAPSHOT (git-44bc15db-b512)...
[17:33:13] [main/INFO] [com.velocitypowered.proxy.VelocityServer]: Loading localizations...
[17:33:14] [main/INFO] [com.velocitypowered.proxy.network.ConnectionManager]: Connections will use epoll channels, Java compression, Java ciphers
[17:33:14] [main/WARN] [com.velocitypowered.proxy.config.VelocityConfiguration]: The proxy is running in offline mode! This is a security risk and you will NOT receive any support!
[17:33:14] [main/WARN] [com.velocitypowered.proxy.config.VelocityConfiguration]: Player info forwarding is disabled! All players will appear to be connecting from the proxy and will have offline-mode UUIDs.
[17:33:16] [main/INFO] [com.velocitypowered.proxy.VelocityServer]: Loading plugins...
[17:33:17] [main/INFO] [eaglerxserver]: Loading EaglercraftXServer 1.0.7...
[17:33:17] [main/INFO] [eaglerxserver]: (Platform: Velocity)
[17:33:17] [main/INFO] [eaglerxserver]: Server Name: "EaglercraftXServer"
[17:33:18] [main/INFO] [com.velocitypowered.proxy.plugin.VelocityPluginManager]: Loaded plugin eaglerxserver 1.0.7 by lax1dude
[17:33:18] [main/INFO] [com.velocitypowered.proxy.plugin.VelocityPluginManager]: Loaded plugin eaglerweb 1.0.0 by lax1dude
[17:33:18] [main/INFO] [com.velocitypowered.proxy.plugin.VelocityPluginManager]: Loaded plugin eaglerxrewind-1-5 1.0.2 by lax1dude, ayunami2000
[17:33:19] [main/INFO] [com.velocitypowered.proxy.plugin.VelocityPluginManager]: Loaded plugin nlogin 10.4.27 by NickUC
[17:33:19] [main/INFO] [com.velocitypowered.proxy.VelocityServer]: Loaded 5 plugins
[17:33:19] [EaglercraftXServer - Task Executor #0/WARN] [com.velocitypowered.proxy.network.ConnectionManager]: The server channel initializer has been replaced by java.base/jdk.internal.reflect.DirectMethodHandleAccessor.invoke(DirectMethodHandleAccessor.java:104)
[17:33:19] [EaglercraftXServer - Task Executor #0/INFO] [eaglerxserver]: Enabling EaglercraftXServer 1.0.7...
[17:33:19] [EaglercraftXServer - Task Executor #0/INFO] [eaglerxserver]: Connecting to skin cache database "jdbc:sqlite:eagler_skins_cache.db"...
[17:33:19] [EaglercraftXServer - Task Executor #0/INFO] [eaglerxserver]: Connected to skin cache database successfully!
[17:33:20] [EaglercraftXServer - Task Executor #0/INFO] [eaglerweb]: Loading config files...
[17:33:20] [EaglercraftXServer - Task Executor #0/INFO] [eaglerweb]: Indexing pages, please wait...
[17:33:20] [EaglercraftXServer - Task Executor #0/INFO] [eaglerweb]: Indexed 11 pages total!
[17:33:20] [EaglercraftXServer - Task Executor #0/INFO] [eaglerxrewind-1-5]: EaglerXRewind protocol for Eaglercraft 1.5.2 has been registered
[17:33:22] [Netty epoll Worker #0/WARN] [eaglerxserver]: =============================================
[17:33:22] [Netty epoll Worker #0/WARN] [eaglerxserver]: =============================================
[17:33:22] [Netty epoll Worker #0/WARN] [eaglerxserver]: 
[17:33:22] [Netty epoll Worker #0/WARN] [eaglerxserver]:  Updates are available for EaglerXServer
[17:33:22] [Netty epoll Worker #0/WARN] [eaglerxserver]:  ---------------------------------------
[17:33:22] [Netty epoll Worker #0/WARN] [eaglerxserver]: 
[17:33:22] [Netty epoll Worker #0/WARN] [eaglerxserver]:    :< Active: 1.0.7
[17:33:22] [Netty epoll Worker #0/WARN] [eaglerxserver]: 
[17:33:22] [Netty epoll Worker #0/WARN] [eaglerxserver]:    :> Latest: 1.0.8
[17:33:22] [Netty epoll Worker #0/WARN] [eaglerxserver]: 
[17:33:22] [Netty epoll Worker #0/WARN] [eaglerxserver]:  https://lax1dude.net/eaglerxserver/
[17:33:22] [Netty epoll Worker #0/WARN] [eaglerxserver]:  -----------------------------------
[17:33:22] [Netty epoll Worker #0/WARN] [eaglerxserver]: 
[17:33:22] [Netty epoll Worker #0/WARN] [eaglerxserver]: =============================================
[17:33:22] [Netty epoll Worker #0/WARN] [eaglerxserver]: =============================================
[17:33:23] [EaglercraftXServer - Task Executor #0/INFO] [nlogin]: Successful plugin core start (took 0.94s)
[17:33:23] [EaglercraftXServer - Task Executor #0/INFO] [com.velocitypowered.proxy.console.VelocityConsole]:           __             _       
[17:33:23] [EaglercraftXServer - Task Executor #0/INFO] [com.velocitypowered.proxy.console.VelocityConsole]:   _ __   / /  ___   __ _(_)_ __  
[17:33:23] [EaglercraftXServer - Task Executor #0/INFO] [com.velocitypowered.proxy.console.VelocityConsole]:  | '_ \ / /  / _ \ / _` | | '_ \ 
[17:33:23] [EaglercraftXServer - Task Executor #0/INFO] [com.velocitypowered.proxy.console.VelocityConsole]:  | | | / /__| (_) | (_| | | | | |
[17:33:23] [EaglercraftXServer - Task Executor #0/INFO] [com.velocitypowered.proxy.console.VelocityConsole]:  |_| |_\____/\___/ \__, |_|_| |_|
[17:33:23] [EaglercraftXServer - Task Executor #0/INFO] [com.velocitypowered.proxy.console.VelocityConsole]:                   |___/            
[17:33:23] [EaglercraftXServer - Task Executor #0/INFO] [com.velocitypowered.proxy.console.VelocityConsole]:  By: www.nickuc.com - V 10.4.27
[17:33:23] [EaglercraftXServer - Task Executor #0/INFO] [com.velocitypowered.proxy.console.VelocityConsole]:  
[17:33:24] [Netty epoll Boss #0/INFO] [eaglerxserver]: Listener "listener0" injected into channel [id: 0xe049a56f, L:/[0:0:0:0:0:0:0:0]:25567] successfully (Velocity method)
[17:33:24] [Netty epoll Boss #0/INFO] [com.velocitypowered.proxy.network.ConnectionManager]: Listening on /[0:0:0:0:0:0:0:0]:25567
[17:33:24] [main/INFO] [com.velocitypowered.proxy.Velocity]: Done (11.89s)!
[17:33:29] [nLogin - Task Executor #0/INFO] [com.velocitypowered.proxy.console.VelocityConsole]: 
[17:33:29] [nLogin - Task Executor #0/INFO] [com.velocitypowered.proxy.console.VelocityConsole]:  Thank you so much for choosing nLogin! <3
[17:33:29] [nLogin - Task Executor #0/INFO] [com.velocitypowered.proxy.console.VelocityConsole]: 
[17:33:29] [nLogin - Task Executor #0/INFO] [com.velocitypowered.proxy.console.VelocityConsole]:  For your safety, please read the message below:
[17:33:29] [nLogin - Task Executor #0/INFO] [com.velocitypowered.proxy.console.VelocityConsole]:   Never download nLogin from unknown sources.
[17:33:29] [nLogin - Task Executor #0/INFO] [com.velocitypowered.proxy.console.VelocityConsole]:   A modified version may contain malicious software.
[17:33:29] [nLogin - Task Executor #0/INFO] [com.velocitypowered.proxy.console.VelocityConsole]: 
[17:33:29] [nLogin - Task Executor #0/INFO] [com.velocitypowered.proxy.console.VelocityConsole]:  Trusted sources:
[17:33:29] [nLogin - Task Executor #0/INFO] [com.velocitypowered.proxy.console.VelocityConsole]:   www.nickuc.com
[17:33:29] [nLogin - Task Executor #0/INFO] [com.velocitypowered.proxy.console.VelocityConsole]:   www.github.com/nickuc
[17:33:29] [nLogin - Task Executor #0/INFO] [com.velocitypowered.proxy.console.VelocityConsole]:   OpeNLogin installer (from Spigot or GitHub)
[17:33:29] [nLogin - Task Executor #0/INFO] [com.velocitypowered.proxy.console.VelocityConsole]: 
[17:33:29] [nLogin - Task Executor #0/INFO] [com.velocitypowered.proxy.console.VelocityConsole]:  Official support channels:
[17:33:29] [nLogin - Task Executor #0/INFO] [com.velocitypowered.proxy.console.VelocityConsole]:   Discord group: www.nickuc.com/discord
[17:33:29] [nLogin - Task Executor #0/INFO] [com.velocitypowered.proxy.console.VelocityConsole]:   Documentation: docs.nickuc.com/nlogin/
[17:33:29] [nLogin - Task Executor #0/INFO] [com.velocitypowered.proxy.console.VelocityConsole]:   Email: support@nickuc.com
[17:33:29] [nLogin - Task Executor #0/INFO] [com.velocitypowered.proxy.console.VelocityConsole]:   YouTube: youtube.com/nickuc
[17:33:29] [nLogin - Task Executor #0/INFO] [com.velocitypowered.proxy.console.VelocityConsole]: 
[17:33:29] [nLogin - Task Executor #0/INFO] [com.velocitypowered.proxy.console.VelocityConsole]:  To remove this warning, log in with "nlogin.admin" permission on the server
[17:33:29] [nLogin - Task Executor #0/INFO] [com.velocitypowered.proxy.console.VelocityConsole]:  and click the "Setup plugin" button to configure your plugin.
[17:33:29] [nLogin - Task Executor #0/INFO] [com.velocitypowered.proxy.console.VelocityConsole]: 
[17:34:15] [Netty epoll Worker #2/INFO] [com.velocitypowered.proxy.connection.client.AuthSessionHandler]: [connected player] the_eagler123 (/[0:0:0:0:0:0:0:1]:55558) has connected
[17:34:15] [Netty epoll Worker #2/INFO] [com.velocitypowered.proxy.connection.MinecraftConnection]: [server connection] the_eagler123 -> auth has connected
[17:34:22] [nLogin - Task Executor #0/INFO] [nlogin]: The user the_eagler123 has successfully logged in.
[17:34:22] [Netty epoll Worker #2/INFO] [com.velocitypowered.proxy.connection.MinecraftConnection]: [server connection] the_eagler123 -> survival has connected
[17:34:25] [Netty epoll Worker #2/INFO] [com.velocitypowered.proxy.connection.MinecraftConnection]: [server connection] the_eagler123 -> auth has disconnected
[17:35:41] [Netty epoll Worker #2/INFO] [com.velocitypowered.proxy.connection.client.ConnectedPlayer]: [connected player] the_eagler123 (/[0:0:0:0:0:0:0:1]:55558): kicked from server survival: 
[17:35:41] [Netty epoll Worker #2/INFO] [com.velocitypowered.proxy.connection.MinecraftConnection]: [server connection] the_eagler123 -> survival has disconnected
[17:35:41] [Netty epoll Worker #2/INFO] [com.velocitypowered.proxy.connection.MinecraftConnection]: [server connection] the_eagler123 -> auth has connected
[17:35:52] [Netty epoll Worker #2/INFO] [com.velocitypowered.proxy.connection.MinecraftConnection]: [server connection] the_eagler123 -> survival has connected
[17:35:52] [Netty epoll Worker #2/INFO] [com.velocitypowered.proxy.connection.MinecraftConnection]: [server connection] the_eagler123 -> auth has disconnected
[18:00:05] [Netty epoll Worker #2/INFO] [com.velocitypowered.proxy.connection.MinecraftConnection]: [connected player] the_eagler123 (/[0:0:0:0:0:0:0:1]:55558) has disconnected
[18:00:05] [Netty epoll Worker #2/INFO] [com.velocitypowered.proxy.connection.MinecraftConnection]: [server connection] the_eagler123 -> survival has disconnected
[18:00:13] [Shutdown thread/INFO] [com.velocitypowered.proxy.VelocityServer]: Shutting down the proxy...
[18:00:13] [Shutdown thread/INFO] [com.velocitypowered.proxy.network.ConnectionManager]: Closing endpoint /0.0.0.0:25567
[18:00:13] [EaglercraftXServer - Task Executor #4/INFO] [eaglerxserver]: Disabling EaglercraftXServer 1.0.7...
[18:00:13] [EaglercraftXServer - Task Executor #4/INFO] [eaglerxserver]: Disconnecting from skin cache database "jdbc:sqlite:eagler_skins_cache.db"...
[18:00:13] [EaglercraftXServer - Task Executor #4/INFO] [eaglerxserver]: Disconnected from skin cache database successfully!
[18:00:13] [EaglercraftXServer - Task Executor #4/INFO] [eaglerweb]: Shutting down, please wait...
[18:00:13] [EaglercraftXServer - Task Executor #4/INFO] [eaglerxrewind-1-5]: EaglerXRewind protocol for Eaglercraft 1.5.2 has been unregistered
[18:00:13] [EaglercraftXServer - Task Executor #4/INFO] [nlogin]: Successful plugin core shutdown (took 0.00s)
